<?xml version="1.0" encoding="UTF-8"?>
<testng-results ignored="0" total="1" passed="1" failed="0" skipped="0">
  <reporter-output>
  </reporter-output>
  <suite started-at="2025-06-12T15:59:36 IST" name="Default suite" finished-at="2025-06-12T16:01:04 IST" duration-ms="87977">
    <groups>
    </groups>
    <test started-at="2025-06-12T15:59:36 IST" name="Default test" finished-at="2025-06-12T16:01:04 IST" duration-ms="87977">
      <class name="Openecart.register.TC_RF_001">
        <test-method signature="verifyRegisteringFields()[pri:0, instance:Openecart.register.TC_RF_001@2e6a8155]" started-at="2025-06-12T15:59:36 IST" name="verifyRegisteringFields" finished-at="2025-06-12T16:01:04 IST" duration-ms="87905" status="PASS">
          <reporter-output>
          </reporter-output>
        </test-method> <!-- verifyRegisteringFields -->
      </class> <!-- Openecart.register.TC_RF_001 -->
    </test> <!-- Default test -->
  </suite> <!-- Default suite -->
</testng-results>
